<?xml version="1.0" encoding="UTF-8"?>
<testng-results ignored="0" total="2" passed="2" failed="0" skipped="0">
  <reporter-output>
  </reporter-output>
  <suite started-at="2019-01-08T14:06:40Z" name="Default suite" finished-at="2019-01-08T14:06:51Z" duration-ms="11061">
    <groups>
    </groups>
    <test started-at="2019-01-08T14:06:40Z" name="Default test" finished-at="2019-01-08T14:06:51Z" duration-ms="11061">
      <class name="Lits.Homework9.AppTest">
        <test-method is-config="true" signature="setupBrowser(java.lang.String)[pri:0, instance:Lits.Homework9.AppTest@38102d01]" started-at="2019-01-08T14:06:27Z" name="setupBrowser" finished-at="2019-01-08T14:06:40Z" duration-ms="12799" status="PASS">
          <params>
            <param index="0">
              <value>
                <![CDATA[chrome]]>
              </value>
            </param>
          </params>
          <reporter-output>
          </reporter-output>
        </test-method> <!-- setupBrowser -->
        <test-method signature="TestFoundText111()[pri:0, instance:Lits.Homework9.AppTest@38102d01]" started-at="2019-01-08T14:06:40Z" name="TestFoundText111" finished-at="2019-01-08T14:06:50Z" duration-ms="10843" status="PASS">
          <reporter-output>
          </reporter-output>
        </test-method> <!-- TestFoundText111 -->
        <test-method signature="TestNoFoundText()[pri:0, instance:Lits.Homework9.AppTest@38102d01]" started-at="2019-01-08T14:06:50Z" name="TestNoFoundText" finished-at="2019-01-08T14:06:51Z" duration-ms="193" status="PASS">
          <reporter-output>
          </reporter-output>
        </test-method> <!-- TestNoFoundText -->
        <test-method is-config="true" signature="quit()[pri:0, instance:Lits.Homework9.AppTest@38102d01]" started-at="2019-01-08T14:06:51Z" name="quit" finished-at="2019-01-08T14:06:51Z" duration-ms="0" status="PASS">
          <reporter-output>
          </reporter-output>
        </test-method> <!-- quit -->
      </class> <!-- Lits.Homework9.AppTest -->
    </test> <!-- Default test -->
  </suite> <!-- Default suite -->
</testng-results>
